../gsrs-client/src/app/app-routing.module.ts
../gsrs-client/src/app/app.module.ts
/dev/null
/dev/null
/dev/null
../gsrs-client/src/app/core/core.component.html
../gsrs-client/src/app/core/core.component.scss
../gsrs-client/src/app/core/core.component.ts
../gsrs-client/src/app/home/home.component.ts
/dev/null
/dev/null
/dev/null
/dev/null
/dev/null
/dev/null
../gsrs-client/src/environments/environment.abase.dev.ts
../gsrs-client/src/environments/environment.abase.local.ts
../gsrs-client/src/environments/environment.abase.pre-prod.ts
../gsrs-client/src/environments/environment.abase.prod.ts
../gsrs-client/src/environments/environment.fda.dev.ts
../gsrs-client/src/environments/environment.fda.local.ts
../gsrs-client/src/environments/environment.fda.pre-prod.ts
../gsrs-client/src/environments/environment.fda.prod.ts
../gsrs-client/src/environments/environment.gsrs.dev.ts
../gsrs-client/src/environments/environment.gsrs.local.ts
../gsrs-client/src/environments/environment.gsrs.pre-prod.ts
../gsrs-client/src/environments/environment.gsrs.prod.ts
../gsrs-client/src/environments/environment.inxight.dev.ts
../gsrs-client/src/environments/environment.inxight.local.ts
../gsrs-client/src/environments/environment.inxight.pre-prod.ts
../gsrs-client/src/environments/environment.inxight.prod.ts
../gsrs-client/src/environments/environment.ts
../gsrs-client/src/styles/_utils.scss
../gsrs-client/src/styles/main.scss
